<?xml version="1.0" encoding="UTF-8"?>
<testsuite name="com.oes.service.ProductServiceImplTest" tests="6" skipped="5" failures="0" errors="0" timestamp="2022-12-13T15:38:50" hostname="LIN33002114" time="0.057">
  <properties/>
  <testcase name="testAddProductListOfProductUser()" classname="com.oes.service.ProductServiceImplTest" time="0.0">
    <skipped/>
  </testcase>
  <testcase name="Test - to verify the insert operation" classname="com.oes.service.ProductServiceImplTest" time="0.018"/>
  <testcase name="testDeleteProductById()" classname="com.oes.service.ProductServiceImplTest" time="0.0">
    <skipped/>
  </testcase>
  <testcase name="testGetProductByUserName()" classname="com.oes.service.ProductServiceImplTest" time="0.002">
    <skipped/>
  </testcase>
  <testcase name="testGetAllProducts()" classname="com.oes.service.ProductServiceImplTest" time="0.0">
    <skipped/>
  </testcase>
  <testcase name="testGetAllProductbyUser()" classname="com.oes.service.ProductServiceImplTest" time="0.0">
    <skipped/>
  </testcase>
  <system-out><![CDATA[2022-12-13 21:08:50,086 [INFO] org.springframework.boot.test.context.SpringBootTestContextBootstrapper [Test worker] Neither @ContextConfiguration nor @ContextHierarchy found for test class [com.oes.service.ProductServiceImplTest], using SpringBootContextLoader
2022-12-13 21:08:50,093 [INFO] org.springframework.test.context.support.AbstractContextLoader [Test worker] Could not detect default resource locations for test class [com.oes.service.ProductServiceImplTest]: no resource found for suffixes {-context.xml, Context.groovy}.
2022-12-13 21:08:50,094 [INFO] org.springframework.test.context.support.AnnotationConfigContextLoaderUtils [Test worker] Could not detect default configuration classes for test class [com.oes.service.ProductServiceImplTest]: ProductServiceImplTest does not declare any static, non-private, non-final, nested classes annotated with @Configuration.
2022-12-13 21:08:50,098 [INFO] org.springframework.boot.test.context.SpringBootTestContextBootstrapper [Test worker] Found @SpringBootConfiguration com.oes.OnlineElectronicStrore1Application for test class com.oes.service.ProductServiceImplTest
2022-12-13 21:08:50,108 [INFO] org.springframework.boot.test.context.SpringBootTestContextBootstrapper [Test worker] Loaded default TestExecutionListener class names from location [META-INF/spring.factories]: [org.springframework.boot.test.autoconfigure.restdocs.RestDocsTestExecutionListener, org.springframework.boot.test.autoconfigure.web.client.MockRestServiceServerResetTestExecutionListener, org.springframework.boot.test.autoconfigure.web.servlet.MockMvcPrintOnlyOnFailureTestExecutionListener, org.springframework.boot.test.autoconfigure.web.servlet.WebDriverTestExecutionListener, org.springframework.boot.test.autoconfigure.webservices.client.MockWebServiceServerTestExecutionListener, org.springframework.boot.test.mock.mockito.MockitoTestExecutionListener, org.springframework.boot.test.mock.mockito.ResetMocksTestExecutionListener, org.springframework.test.context.web.ServletTestExecutionListener, org.springframework.test.context.support.DirtiesContextBeforeModesTestExecutionListener, org.springframework.test.context.event.ApplicationEventsTestExecutionListener, org.springframework.test.context.support.DependencyInjectionTestExecutionListener, org.springframework.test.context.support.DirtiesContextTestExecutionListener, org.springframework.test.context.transaction.TransactionalTestExecutionListener, org.springframework.test.context.jdbc.SqlScriptsTestExecutionListener, org.springframework.test.context.event.EventPublishingTestExecutionListener]
2022-12-13 21:08:50,110 [INFO] org.springframework.boot.test.context.SpringBootTestContextBootstrapper [Test worker] Using TestExecutionListeners: [org.springframework.test.context.web.ServletTestExecutionListener@7ebfe01a, org.springframework.test.context.support.DirtiesContextBeforeModesTestExecutionListener@154b0748, org.springframework.test.context.event.ApplicationEventsTestExecutionListener@35c00c, org.springframework.boot.test.mock.mockito.MockitoTestExecutionListener@6cd7dc74, org.springframework.boot.test.autoconfigure.SpringBootDependencyInjectionTestExecutionListener@6d695ec4, org.springframework.test.context.support.DirtiesContextTestExecutionListener@20556566, org.springframework.test.context.transaction.TransactionalTestExecutionListener@e4ef4c0, org.springframework.test.context.jdbc.SqlScriptsTestExecutionListener@5ca8bd01, org.springframework.test.context.event.EventPublishingTestExecutionListener@7b10472e, org.springframework.boot.test.autoconfigure.restdocs.RestDocsTestExecutionListener@70e5737f, org.springframework.boot.test.autoconfigure.web.client.MockRestServiceServerResetTestExecutionListener@9746157, org.springframework.boot.test.autoconfigure.web.servlet.MockMvcPrintOnlyOnFailureTestExecutionListener@10ad95cd, org.springframework.boot.test.autoconfigure.web.servlet.WebDriverTestExecutionListener@69fd99c1, org.springframework.boot.test.autoconfigure.webservices.client.MockWebServiceServerTestExecutionListener@32d8710a, org.springframework.boot.test.mock.mockito.ResetMocksTestExecutionListener@180cc0df]
]]></system-out>
  <system-err><![CDATA[]]></system-err>
</testsuite>
