<?xml version="1.0" encoding="UTF-8"?>
<testsuite name="com.oes.service.OnlineOrderServiceImpTest" tests="5" skipped="4" failures="0" errors="0" timestamp="2022-12-13T15:38:49" hostname="LIN33002114" time="0.132">
  <properties/>
  <testcase name="testGetAllOrderbyUser()" classname="com.oes.service.OnlineOrderServiceImpTest" time="0.001">
    <skipped/>
  </testcase>
  <testcase name="testGetAllPosts()" classname="com.oes.service.OnlineOrderServiceImpTest" time="0.0">
    <skipped/>
  </testcase>
  <testcase name="Test - to verify the insert operation" classname="com.oes.service.OnlineOrderServiceImpTest" time="0.114"/>
  <testcase name="testSortOnlineOrderbyOrderDate()" classname="com.oes.service.OnlineOrderServiceImpTest" time="0.001">
    <skipped/>
  </testcase>
  <testcase name="testDeleteOnlineOrderById()" classname="com.oes.service.OnlineOrderServiceImpTest" time="0.0">
    <skipped/>
  </testcase>
  <system-out><![CDATA[2022-12-13 21:08:48,999 [INFO] org.springframework.boot.test.context.SpringBootTestContextBootstrapper [Test worker] Neither @ContextConfiguration nor @ContextHierarchy found for test class [com.oes.service.OnlineOrderServiceImpTest], using SpringBootContextLoader
2022-12-13 21:08:49,018 [INFO] org.springframework.test.context.support.AbstractContextLoader [Test worker] Could not detect default resource locations for test class [com.oes.service.OnlineOrderServiceImpTest]: no resource found for suffixes {-context.xml, Context.groovy}.
2022-12-13 21:08:49,020 [INFO] org.springframework.test.context.support.AnnotationConfigContextLoaderUtils [Test worker] Could not detect default configuration classes for test class [com.oes.service.OnlineOrderServiceImpTest]: OnlineOrderServiceImpTest does not declare any static, non-private, non-final, nested classes annotated with @Configuration.
2022-12-13 21:08:49,260 [INFO] org.springframework.boot.test.context.SpringBootTestContextBootstrapper [Test worker] Found @SpringBootConfiguration com.oes.OnlineElectronicStrore1Application for test class com.oes.service.OnlineOrderServiceImpTest
2022-12-13 21:08:49,268 [INFO] org.springframework.boot.test.context.SpringBootTestContextBootstrapper [Test worker] Loaded default TestExecutionListener class names from location [META-INF/spring.factories]: [org.springframework.boot.test.autoconfigure.restdocs.RestDocsTestExecutionListener, org.springframework.boot.test.autoconfigure.web.client.MockRestServiceServerResetTestExecutionListener, org.springframework.boot.test.autoconfigure.web.servlet.MockMvcPrintOnlyOnFailureTestExecutionListener, org.springframework.boot.test.autoconfigure.web.servlet.WebDriverTestExecutionListener, org.springframework.boot.test.autoconfigure.webservices.client.MockWebServiceServerTestExecutionListener, org.springframework.boot.test.mock.mockito.MockitoTestExecutionListener, org.springframework.boot.test.mock.mockito.ResetMocksTestExecutionListener, org.springframework.test.context.web.ServletTestExecutionListener, org.springframework.test.context.support.DirtiesContextBeforeModesTestExecutionListener, org.springframework.test.context.event.ApplicationEventsTestExecutionListener, org.springframework.test.context.support.DependencyInjectionTestExecutionListener, org.springframework.test.context.support.DirtiesContextTestExecutionListener, org.springframework.test.context.transaction.TransactionalTestExecutionListener, org.springframework.test.context.jdbc.SqlScriptsTestExecutionListener, org.springframework.test.context.event.EventPublishingTestExecutionListener]
2022-12-13 21:08:49,272 [INFO] org.springframework.boot.test.context.SpringBootTestContextBootstrapper [Test worker] Using TestExecutionListeners: [org.springframework.test.context.web.ServletTestExecutionListener@56d5460f, org.springframework.test.context.support.DirtiesContextBeforeModesTestExecutionListener@57f725b8, org.springframework.test.context.event.ApplicationEventsTestExecutionListener@4a0c512b, org.springframework.boot.test.mock.mockito.MockitoTestExecutionListener@28bc9749, org.springframework.boot.test.autoconfigure.SpringBootDependencyInjectionTestExecutionListener@54a5496f, org.springframework.test.context.support.DirtiesContextTestExecutionListener@3a116ca6, org.springframework.test.context.transaction.TransactionalTestExecutionListener@12bcf7c6, org.springframework.test.context.jdbc.SqlScriptsTestExecutionListener@5e763c07, org.springframework.test.context.event.EventPublishingTestExecutionListener@2066e897, org.springframework.boot.test.autoconfigure.restdocs.RestDocsTestExecutionListener@1123d461, org.springframework.boot.test.autoconfigure.web.client.MockRestServiceServerResetTestExecutionListener@64540344, org.springframework.boot.test.autoconfigure.web.servlet.MockMvcPrintOnlyOnFailureTestExecutionListener@b2d8dcd, org.springframework.boot.test.autoconfigure.web.servlet.WebDriverTestExecutionListener@1c98fe6f, org.springframework.boot.test.autoconfigure.webservices.client.MockWebServiceServerTestExecutionListener@1397b141, org.springframework.boot.test.mock.mockito.ResetMocksTestExecutionListener@579dde54]
]]></system-out>
  <system-err><![CDATA[]]></system-err>
</testsuite>
