<?xml version="1.0" encoding="UTF-8"?>
<testsuite name="com.oes.service.ReviewServiceImplTest" tests="4" skipped="3" failures="0" errors="0" timestamp="2022-12-13T15:38:50" hostname="LIN33002114" time="0.019">
  <properties/>
  <testcase name="testSortReviewBasedOnRating()" classname="com.oes.service.ReviewServiceImplTest" time="0.0">
    <skipped/>
  </testcase>
  <testcase name="testSortReviewsBasedOnName()" classname="com.oes.service.ReviewServiceImplTest" time="0.0">
    <skipped/>
  </testcase>
  <testcase name="Test - to verify the insert operation" classname="com.oes.service.ReviewServiceImplTest" time="0.007"/>
  <testcase name="testGetAllReviewbyUser()" classname="com.oes.service.ReviewServiceImplTest" time="0.0">
    <skipped/>
  </testcase>
  <system-out><![CDATA[2022-12-13 21:08:50,251 [INFO] org.springframework.boot.test.context.SpringBootTestContextBootstrapper [Test worker] Neither @ContextConfiguration nor @ContextHierarchy found for test class [com.oes.service.ReviewServiceImplTest], using SpringBootContextLoader
2022-12-13 21:08:50,256 [INFO] org.springframework.test.context.support.AbstractContextLoader [Test worker] Could not detect default resource locations for test class [com.oes.service.ReviewServiceImplTest]: no resource found for suffixes {-context.xml, Context.groovy}.
2022-12-13 21:08:50,257 [INFO] org.springframework.test.context.support.AnnotationConfigContextLoaderUtils [Test worker] Could not detect default configuration classes for test class [com.oes.service.ReviewServiceImplTest]: ReviewServiceImplTest does not declare any static, non-private, non-final, nested classes annotated with @Configuration.
2022-12-13 21:08:50,262 [INFO] org.springframework.boot.test.context.SpringBootTestContextBootstrapper [Test worker] Found @SpringBootConfiguration com.oes.OnlineElectronicStrore1Application for test class com.oes.service.ReviewServiceImplTest
2022-12-13 21:08:50,273 [INFO] org.springframework.boot.test.context.SpringBootTestContextBootstrapper [Test worker] Loaded default TestExecutionListener class names from location [META-INF/spring.factories]: [org.springframework.boot.test.autoconfigure.restdocs.RestDocsTestExecutionListener, org.springframework.boot.test.autoconfigure.web.client.MockRestServiceServerResetTestExecutionListener, org.springframework.boot.test.autoconfigure.web.servlet.MockMvcPrintOnlyOnFailureTestExecutionListener, org.springframework.boot.test.autoconfigure.web.servlet.WebDriverTestExecutionListener, org.springframework.boot.test.autoconfigure.webservices.client.MockWebServiceServerTestExecutionListener, org.springframework.boot.test.mock.mockito.MockitoTestExecutionListener, org.springframework.boot.test.mock.mockito.ResetMocksTestExecutionListener, org.springframework.test.context.web.ServletTestExecutionListener, org.springframework.test.context.support.DirtiesContextBeforeModesTestExecutionListener, org.springframework.test.context.event.ApplicationEventsTestExecutionListener, org.springframework.test.context.support.DependencyInjectionTestExecutionListener, org.springframework.test.context.support.DirtiesContextTestExecutionListener, org.springframework.test.context.transaction.TransactionalTestExecutionListener, org.springframework.test.context.jdbc.SqlScriptsTestExecutionListener, org.springframework.test.context.event.EventPublishingTestExecutionListener]
2022-12-13 21:08:50,274 [INFO] org.springframework.boot.test.context.SpringBootTestContextBootstrapper [Test worker] Using TestExecutionListeners: [org.springframework.test.context.web.ServletTestExecutionListener@2c4be45f, org.springframework.test.context.support.DirtiesContextBeforeModesTestExecutionListener@4be7acd9, org.springframework.test.context.event.ApplicationEventsTestExecutionListener@58afecfd, org.springframework.boot.test.mock.mockito.MockitoTestExecutionListener@4d79d187, org.springframework.boot.test.autoconfigure.SpringBootDependencyInjectionTestExecutionListener@3e63bd6b, org.springframework.test.context.support.DirtiesContextTestExecutionListener@48144f1a, org.springframework.test.context.transaction.TransactionalTestExecutionListener@6f7b8ae1, org.springframework.test.context.jdbc.SqlScriptsTestExecutionListener@6c8d8b60, org.springframework.test.context.event.EventPublishingTestExecutionListener@4fa6fb7f, org.springframework.boot.test.autoconfigure.restdocs.RestDocsTestExecutionListener@2520010e, org.springframework.boot.test.autoconfigure.web.client.MockRestServiceServerResetTestExecutionListener@163fbbc9, org.springframework.boot.test.autoconfigure.web.servlet.MockMvcPrintOnlyOnFailureTestExecutionListener@1669f4e5, org.springframework.boot.test.autoconfigure.web.servlet.WebDriverTestExecutionListener@6e6c8854, org.springframework.boot.test.autoconfigure.webservices.client.MockWebServiceServerTestExecutionListener@4be1dce6, org.springframework.boot.test.mock.mockito.ResetMocksTestExecutionListener@206bd7a0]
]]></system-out>
  <system-err><![CDATA[]]></system-err>
</testsuite>
