<?xml version="1.0" encoding="UTF-8"?>
<testsuite name="com.oes.OnlineElectronicStrore1ApplicationTests" tests="1" skipped="0" failures="0" errors="0" timestamp="2022-12-13T15:38:48" hostname="LIN33002114" time="0.421">
  <properties/>
  <testcase name="contextLoads()" classname="com.oes.OnlineElectronicStrore1ApplicationTests" time="0.421"/>
  <system-out><![CDATA[21:08:17.437 [Test worker] DEBUG org.springframework.test.context.BootstrapUtils - Instantiating CacheAwareContextLoaderDelegate from class [org.springframework.test.context.cache.DefaultCacheAwareContextLoaderDelegate]
21:08:17.461 [Test worker] DEBUG org.springframework.test.context.BootstrapUtils - Instantiating BootstrapContext using constructor [public org.springframework.test.context.support.DefaultBootstrapContext(java.lang.Class,org.springframework.test.context.CacheAwareContextLoaderDelegate)]
21:08:17.527 [Test worker] DEBUG org.springframework.test.context.BootstrapUtils - Instantiating TestContextBootstrapper for test class [com.oes.OnlineElectronicStrore1ApplicationTests] from class [org.springframework.boot.test.context.SpringBootTestContextBootstrapper]
21:08:17.563 [Test worker] INFO org.springframework.boot.test.context.SpringBootTestContextBootstrapper - Neither @ContextConfiguration nor @ContextHierarchy found for test class [com.oes.OnlineElectronicStrore1ApplicationTests], using SpringBootContextLoader
21:08:17.571 [Test worker] DEBUG org.springframework.test.context.support.AbstractContextLoader - Did not detect default resource location for test class [com.oes.OnlineElectronicStrore1ApplicationTests]: class path resource [com/oes/OnlineElectronicStrore1ApplicationTests-context.xml] does not exist
21:08:17.572 [Test worker] DEBUG org.springframework.test.context.support.AbstractContextLoader - Did not detect default resource location for test class [com.oes.OnlineElectronicStrore1ApplicationTests]: class path resource [com/oes/OnlineElectronicStrore1ApplicationTestsContext.groovy] does not exist
21:08:17.573 [Test worker] INFO org.springframework.test.context.support.AbstractContextLoader - Could not detect default resource locations for test class [com.oes.OnlineElectronicStrore1ApplicationTests]: no resource found for suffixes {-context.xml, Context.groovy}.
21:08:17.576 [Test worker] INFO org.springframework.test.context.support.AnnotationConfigContextLoaderUtils - Could not detect default configuration classes for test class [com.oes.OnlineElectronicStrore1ApplicationTests]: OnlineElectronicStrore1ApplicationTests does not declare any static, non-private, non-final, nested classes annotated with @Configuration.
21:08:17.663 [Test worker] DEBUG org.springframework.test.context.support.ActiveProfilesUtils - Could not find an 'annotation declaring class' for annotation type [org.springframework.test.context.ActiveProfiles] and class [com.oes.OnlineElectronicStrore1ApplicationTests]
21:08:17.810 [Test worker] DEBUG org.springframework.context.annotation.ClassPathScanningCandidateComponentProvider - Identified candidate component class: file [C:\Users\ssriva37\OneDrive - Capgemini\Documents\workspace-spring-tool-suite-4-4.16.0.RELEASE\OnlineElectronicStrore1\build\classes\java\main\com\oes\OnlineElectronicStrore1Application.class]
21:08:17.813 [Test worker] INFO org.springframework.boot.test.context.SpringBootTestContextBootstrapper - Found @SpringBootConfiguration com.oes.OnlineElectronicStrore1Application for test class com.oes.OnlineElectronicStrore1ApplicationTests
21:08:18.059 [Test worker] DEBUG org.springframework.boot.test.context.SpringBootTestContextBootstrapper - @TestExecutionListeners is not present for class [com.oes.OnlineElectronicStrore1ApplicationTests]: using defaults.
21:08:18.060 [Test worker] INFO org.springframework.boot.test.context.SpringBootTestContextBootstrapper - Loaded default TestExecutionListener class names from location [META-INF/spring.factories]: [org.springframework.boot.test.autoconfigure.restdocs.RestDocsTestExecutionListener, org.springframework.boot.test.autoconfigure.web.client.MockRestServiceServerResetTestExecutionListener, org.springframework.boot.test.autoconfigure.web.servlet.MockMvcPrintOnlyOnFailureTestExecutionListener, org.springframework.boot.test.autoconfigure.web.servlet.WebDriverTestExecutionListener, org.springframework.boot.test.autoconfigure.webservices.client.MockWebServiceServerTestExecutionListener, org.springframework.boot.test.mock.mockito.MockitoTestExecutionListener, org.springframework.boot.test.mock.mockito.ResetMocksTestExecutionListener, org.springframework.test.context.web.ServletTestExecutionListener, org.springframework.test.context.support.DirtiesContextBeforeModesTestExecutionListener, org.springframework.test.context.event.ApplicationEventsTestExecutionListener, org.springframework.test.context.support.DependencyInjectionTestExecutionListener, org.springframework.test.context.support.DirtiesContextTestExecutionListener, org.springframework.test.context.transaction.TransactionalTestExecutionListener, org.springframework.test.context.jdbc.SqlScriptsTestExecutionListener, org.springframework.test.context.event.EventPublishingTestExecutionListener]
21:08:18.098 [Test worker] INFO org.springframework.boot.test.context.SpringBootTestContextBootstrapper - Using TestExecutionListeners: [org.springframework.test.context.web.ServletTestExecutionListener@4331d187, org.springframework.test.context.support.DirtiesContextBeforeModesTestExecutionListener@6f63b475, org.springframework.test.context.event.ApplicationEventsTestExecutionListener@554e218, org.springframework.boot.test.mock.mockito.MockitoTestExecutionListener@1608bcbd, org.springframework.boot.test.autoconfigure.SpringBootDependencyInjectionTestExecutionListener@5bf8fa12, org.springframework.test.context.support.DirtiesContextTestExecutionListener@29ca3d04, org.springframework.test.context.transaction.TransactionalTestExecutionListener@b2c5e07, org.springframework.test.context.jdbc.SqlScriptsTestExecutionListener@5812f68b, org.springframework.test.context.event.EventPublishingTestExecutionListener@4426bff1, org.springframework.boot.test.autoconfigure.restdocs.RestDocsTestExecutionListener@3c7c886c, org.springframework.boot.test.autoconfigure.web.client.MockRestServiceServerResetTestExecutionListener@55493582, org.springframework.boot.test.autoconfigure.web.servlet.MockMvcPrintOnlyOnFailureTestExecutionListener@1a20270e, org.springframework.boot.test.autoconfigure.web.servlet.WebDriverTestExecutionListener@6b88ca8c, org.springframework.boot.test.autoconfigure.webservices.client.MockWebServiceServerTestExecutionListener@336f1079, org.springframework.boot.test.mock.mockito.ResetMocksTestExecutionListener@2f16c6b3]
21:08:18.107 [Test worker] DEBUG org.springframework.test.context.support.AbstractDirtiesContextTestExecutionListener - Before test class: context [DefaultTestContext@72437d8d testClass = OnlineElectronicStrore1ApplicationTests, testInstance = [null], testMethod = [null], testException = [null], mergedContextConfiguration = [WebMergedContextConfiguration@1b955cac testClass = OnlineElectronicStrore1ApplicationTests, locations = '{}', classes = '{class com.oes.OnlineElectronicStrore1Application}', contextInitializerClasses = '[]', activeProfiles = '{}', propertySourceLocations = '{}', propertySourceProperties = '{org.springframework.boot.test.context.SpringBootTestContextBootstrapper=true}', contextCustomizers = set[org.springframework.boot.test.autoconfigure.actuate.metrics.MetricsExportContextCustomizerFactory$DisableMetricExportContextCustomizer@359df09a, org.springframework.boot.test.autoconfigure.properties.PropertyMappingContextCustomizer@0, org.springframework.boot.test.autoconfigure.web.servlet.WebDriverContextCustomizerFactory$Customizer@c430e6c, org.springframework.boot.test.context.filter.ExcludeFilterContextCustomizer@70cf32e3, org.springframework.boot.test.json.DuplicateJsonObjectContextCustomizerFactory$DuplicateJsonObjectContextCustomizer@6c4906d3, org.springframework.boot.test.mock.mockito.MockitoContextCustomizer@0, org.springframework.boot.test.web.client.TestRestTemplateContextCustomizer@3ad83a66, org.springframework.boot.test.context.SpringBootTestArgs@1, org.springframework.boot.test.context.SpringBootTestWebEnvironment@769e7ee8], resourceBasePath = 'src/main/webapp', contextLoader = 'org.springframework.boot.test.context.SpringBootContextLoader', parent = [null]], attributes = map['org.springframework.test.context.web.ServletTestExecutionListener.activateListener' -> true]], class annotated with @DirtiesContext [false] with mode [null].

  .   ____          _            __ _ _
 /\\ / ___'_ __ _ _(_)_ __  __ _ \ \ \ \
( ( )\___ | '_ | '_| | '_ \/ _` | \ \ \ \
 \\/  ___)| |_)| | | | | || (_| |  ) ) ) )
  '  |____| .__|_| |_|_| |_\__, | / / / /
 =========|_|==============|___/=/_/_/_/
 :: Spring Boot ::               (v2.6.13)

2022-12-13 21:08:18,830 [INFO] com.oes.OnlineElectronicStrore1ApplicationTests [Test worker] Starting OnlineElectronicStrore1ApplicationTests using Java 1.8.0_191 on LIN33002114 with PID 7828 (started by ssriva37 in C:\Users\ssriva37\OneDrive - Capgemini\Documents\workspace-spring-tool-suite-4-4.16.0.RELEASE\OnlineElectronicStrore1)
2022-12-13 21:08:18,847 [INFO] com.oes.OnlineElectronicStrore1ApplicationTests [Test worker] No active profile set, falling back to 1 default profile: "default"
2022-12-13 21:08:21,105 [INFO] org.springframework.data.repository.config.RepositoryConfigurationDelegate [Test worker] Bootstrapping Spring Data JPA repositories in DEFAULT mode.
2022-12-13 21:08:21,280 [INFO] org.springframework.data.repository.config.RepositoryConfigurationDelegate [Test worker] Finished Spring Data repository scanning in 142 ms. Found 6 JPA repository interfaces.
2022-12-13 21:08:25,319 [INFO] org.hibernate.jpa.internal.util.LogHelper [Test worker] HHH000204: Processing PersistenceUnitInfo [name: default]
2022-12-13 21:08:25,980 [INFO] org.hibernate.Version [Test worker] HHH000412: Hibernate ORM core version 5.6.12.Final
2022-12-13 21:08:28,401 [INFO] org.hibernate.annotations.common.Version [Test worker] HCANN000001: Hibernate Commons Annotations {5.1.2.Final}
2022-12-13 21:08:30,240 [INFO] com.zaxxer.hikari.HikariDataSource [Test worker] HikariPool-1 - Starting...
2022-12-13 21:08:37,528 [INFO] com.zaxxer.hikari.HikariDataSource [Test worker] HikariPool-1 - Start completed.
2022-12-13 21:08:37,697 [INFO] org.hibernate.dialect.Dialect [Test worker] HHH000400: Using dialect: org.hibernate.dialect.PostgreSQLDialect
2022-12-13 21:08:41,473 [INFO] org.hibernate.engine.transaction.jta.platform.internal.JtaPlatformInitiator [Test worker] HHH000490: Using JtaPlatform implementation: [org.hibernate.engine.transaction.jta.platform.internal.NoJtaPlatform]
2022-12-13 21:08:41,497 [INFO] org.springframework.orm.jpa.LocalContainerEntityManagerFactoryBean [Test worker] Initialized JPA EntityManagerFactory for persistence unit 'default'



====>> Inside Constructor com.oes.controller.MyWebController@3006bfb
2022-12-13 21:08:45,755 [WARN] org.springframework.boot.autoconfigure.orm.jpa.JpaBaseConfiguration$JpaWebConfiguration [Test worker] spring.jpa.open-in-view is enabled by default. Therefore, database queries may be performed during view rendering. Explicitly configure spring.jpa.open-in-view to disable this warning
2022-12-13 21:08:48,420 [INFO] com.oes.OnlineElectronicStrore1ApplicationTests [Test worker] Started OnlineElectronicStrore1ApplicationTests in 30.242 seconds (JVM running for 33.979)
]]></system-out>
  <system-err><![CDATA[]]></system-err>
</testsuite>
